0 info it worked if it ends with ok
1 verbose cli [ '/usr/local/Cellar/node/7.3.0/bin/node',
1 verbose cli   '/usr/local/bin/npm',
1 verbose cli   'run',
1 verbose cli   'webpack:watch' ]
2 info using npm@3.10.10
3 info using node@v7.3.0
4 verbose run-script [ 'prewebpack:watch', 'webpack:watch', 'postwebpack:watch' ]
5 info lifecycle thegorgonlab@1.0.0~prewebpack:watch: thegorgonlab@1.0.0
6 silly lifecycle thegorgonlab@1.0.0~prewebpack:watch: no script for prewebpack:watch, continuing
7 info lifecycle thegorgonlab@1.0.0~webpack:watch: thegorgonlab@1.0.0
8 verbose lifecycle thegorgonlab@1.0.0~webpack:watch: unsafe-perm in lifecycle true
9 verbose lifecycle thegorgonlab@1.0.0~webpack:watch: PATH: /usr/local/lib/node_modules/npm/bin/node-gyp-bin:/Users/jessereiss/Development/personal/thegorgon.github.com/node_modules/.bin:/usr/local/Cellar/node/7.3.0/bin:/Library/Frameworks/Python.framework/Versions/3.5/bin:/Users/jessereiss/.rvm/gems/ruby-2.3.0/bin:/Users/jessereiss/.rvm/gems/ruby-2.3.0@global/bin:/Users/jessereiss/.rvm/rubies/ruby-2.3.0/bin:/Users/jessereiss/.rvm/bin:/Users/jessereiss/bin:/usr/local/bin:/usr/bin:/bin:/usr/sbin:/sbin:/usr/local/sbin:/Users/jessereiss/.rvm/bin
10 verbose lifecycle thegorgonlab@1.0.0~webpack:watch: CWD: /Users/jessereiss/Development/personal/thegorgon.github.com
11 silly lifecycle thegorgonlab@1.0.0~webpack:watch: Args: [ '-c',
11 silly lifecycle   'rm -rf src/assets/bundles && webpack --config=webpack.config.js --watch' ]
12 silly lifecycle thegorgonlab@1.0.0~webpack:watch: Returned: code: 1  signal: null
13 info lifecycle thegorgonlab@1.0.0~webpack:watch: Failed to exec webpack:watch script
14 verbose stack Error: thegorgonlab@1.0.0 webpack:watch: `rm -rf src/assets/bundles && webpack --config=webpack.config.js --watch`
14 verbose stack Exit status 1
14 verbose stack     at EventEmitter.<anonymous> (/usr/local/lib/node_modules/npm/lib/utils/lifecycle.js:255:16)
14 verbose stack     at emitTwo (events.js:106:13)
14 verbose stack     at EventEmitter.emit (events.js:191:7)
14 verbose stack     at ChildProcess.<anonymous> (/usr/local/lib/node_modules/npm/lib/utils/spawn.js:40:14)
14 verbose stack     at emitTwo (events.js:106:13)
14 verbose stack     at ChildProcess.emit (events.js:191:7)
14 verbose stack     at maybeClose (internal/child_process.js:885:16)
14 verbose stack     at Process.ChildProcess._handle.onexit (internal/child_process.js:226:5)
15 verbose pkgid thegorgonlab@1.0.0
16 verbose cwd /Users/jessereiss/Development/personal/thegorgon.github.com
17 error Darwin 16.1.0
18 error argv "/usr/local/Cellar/node/7.3.0/bin/node" "/usr/local/bin/npm" "run" "webpack:watch"
19 error node v7.3.0
20 error npm  v3.10.10
21 error code ELIFECYCLE
22 error thegorgonlab@1.0.0 webpack:watch: `rm -rf src/assets/bundles && webpack --config=webpack.config.js --watch`
22 error Exit status 1
23 error Failed at the thegorgonlab@1.0.0 webpack:watch script 'rm -rf src/assets/bundles && webpack --config=webpack.config.js --watch'.
23 error Make sure you have the latest version of node.js and npm installed.
23 error If you do, this is most likely a problem with the thegorgonlab package,
23 error not with npm itself.
23 error Tell the author that this fails on your system:
23 error     rm -rf src/assets/bundles && webpack --config=webpack.config.js --watch
23 error You can get information on how to open an issue for this project with:
23 error     npm bugs thegorgonlab
23 error Or if that isn't available, you can get their info via:
23 error     npm owner ls thegorgonlab
23 error There is likely additional logging output above.
24 verbose exit [ 1, true ]
